\BOOKMARK [0][-]{section*.2}{HALAMAN JUDUL}{}% 1
\BOOKMARK [0][-]{section*.4}{LEMBAR PERSETUJUAN}{}% 2
\BOOKMARK [0][-]{section*.5}{LEMBAR PERNYATAAN ORISINALITAS}{}% 3
\BOOKMARK [0][-]{section*.6}{LEMBAR PENGESAHAN}{}% 4
\BOOKMARK [0][-]{section*.7}{KATA PENGANTAR}{}% 5
\BOOKMARK [0][-]{section*.10}{LEMBAR PERSETUJUAN PUBLIKASI ILMIAH}{}% 6
\BOOKMARK [0][-]{section*.11}{ABSTRAK}{}% 7
\BOOKMARK [0][-]{section*.12}{ABSTRACT}{}% 8
\BOOKMARK [0][-]{section*.12}{DAFTAR ISI}{}% 9
\BOOKMARK [0][-]{section*.12}{DAFTAR GAMBAR}{}% 10
\BOOKMARK [0][-]{section*.12}{DAFTAR TABEL}{}% 11
\BOOKMARK [0][-]{section*.12}{DAFTAR KODE}{}% 12
\BOOKMARK [0][-]{chapter.1}{1 Pendahuluan}{}% 13
\BOOKMARK [1][-]{section.1.1}{1.1 Latar Belakang}{chapter.1}% 14
\BOOKMARK [1][-]{section.1.2}{1.2 Rumusan Masalah}{chapter.1}% 15
\BOOKMARK [1][-]{section.1.3}{1.3 Tujuan Penelitian}{chapter.1}% 16
\BOOKMARK [1][-]{section.1.4}{1.4 Batasan Masalah}{chapter.1}% 17
\BOOKMARK [1][-]{section.1.5}{1.5 Implikasi}{chapter.1}% 18
\BOOKMARK [1][-]{section.1.6}{1.6 Sistematika Penulisan}{chapter.1}% 19
\BOOKMARK [0][-]{chapter.2}{2 Studi Literatur}{}% 20
\BOOKMARK [0][-]{chapter.3}{3 Metodologi}{}% 21
\BOOKMARK [0][-]{chapter.4}{4 Analisis dan Perancangan}{}% 22
\BOOKMARK [1][-]{section.4.1}{4.1 Analisis}{chapter.4}% 23
\BOOKMARK [2][-]{subsection.4.1.1}{4.1.1 Dataset}{section.4.1}% 24
\BOOKMARK [3][-]{subsubsection.4.1.1.1}{4.1.1.1 Lokasi Pencacahan}{subsection.4.1.1}% 25
\BOOKMARK [3][-]{subsubsection.4.1.1.2}{4.1.1.2 Pencacah}{subsection.4.1.1}% 26
\BOOKMARK [3][-]{subsubsection.4.1.1.3}{4.1.1.3 Jarak dan Waktu Tempuh}{subsection.4.1.1}% 27
\BOOKMARK [2][-]{subsection.4.1.2}{4.1.2 Library dan Implementasi}{section.4.1}% 28
\BOOKMARK [3][-]{subsubsection.4.1.2.1}{4.1.2.1 Definisi Masalah}{subsection.4.1.2}% 29
\BOOKMARK [3][-]{subsubsection.4.1.2.2}{4.1.2.2 Definisi Algoritma}{subsection.4.1.2}% 30
\BOOKMARK [3][-]{subsubsection.4.1.2.3}{4.1.2.3 Pencarian Solusi dan Penentuan Solusi Terbaik}{subsection.4.1.2}% 31
\BOOKMARK [2][-]{subsection.4.1.3}{4.1.3 Hasil dan Analisis}{section.4.1}% 32
\BOOKMARK [1][-]{section.4.2}{4.2 Perancangan}{chapter.4}% 33
\BOOKMARK [2][-]{subsection.4.2.1}{4.2.1 Pencarian Solusi}{section.4.2}% 34
\BOOKMARK [2][-]{subsection.4.2.2}{4.2.2 Greedy Strategy}{section.4.2}% 35
\BOOKMARK [0][-]{chapter.5}{5 Implementasi dan Pengujian}{}% 36
\BOOKMARK [1][-]{section.5.1}{5.1 Mengubah Tampilan Teks}{chapter.5}% 37
\BOOKMARK [1][-]{section.5.2}{5.2 Memberikan Catatan}{chapter.5}% 38
\BOOKMARK [1][-]{section.5.3}{5.3 Menambah Isi Daftar Isi}{chapter.5}% 39
\BOOKMARK [1][-]{section.5.4}{5.4 Memasukan PDF}{chapter.5}% 40
\BOOKMARK [1][-]{section.5.5}{5.5 Membuat Perintah Baru}{chapter.5}% 41
\BOOKMARK [0][-]{chapter.6}{6 Kesimpulan dan Saran}{}% 42
\BOOKMARK [1][-]{section.6.1}{6.1 Kesimpulan}{chapter.6}% 43
\BOOKMARK [1][-]{section.6.2}{6.2 Saran}{chapter.6}% 44
\BOOKMARK [0][-]{section.6.2}{DAFTAR PUSTAKA}{}% 45
\BOOKMARK [0][-]{section.6.2}{DAFTAR PUSTAKA}{}% 46
\BOOKMARK [0][-]{section*.22}{LAMPIRAN}{}% 47
\BOOKMARK [0][-]{section*.23}{LAMPIRAN 1}{}% 48
\BOOKMARK [0][-]{section*.24}{LAMPIRAN 2}{}% 49
\BOOKMARK [0][-]{section*.25}{LAMPIRAN 3}{}% 50
\BOOKMARK [0][-]{section*.26}{LAMPIRAN 4}{}% 51
