This is pdfTeX, Version 3.14159265-2.6-1.40.16 (TeX Live 2015/Debian) (preloaded format=pdflatex 2016.11.4)  13 APR 2017 17:06
entering extended mode
 \write18 enabled.
 %&-line parsing enabled.
**thesis.tex
(./thesis.tex
LaTeX2e <2016/02/01>
Babel <3.9q> and hyphenation patterns for 81 language(s) loaded.
(/usr/share/texlive/texmf-dist/tex/latex/base/report.cls
Document Class: report 2014/09/29 v1.4h Standard LaTeX document class
(/usr/share/texlive/texmf-dist/tex/latex/base/size12.clo
File: size12.clo 2014/09/29 v1.4h Standard LaTeX file (size option)
)
\c@part=\count79
\c@chapter=\count80
\c@section=\count81
\c@subsection=\count82
\c@subsubsection=\count83
\c@paragraph=\count84
\c@subparagraph=\count85
\c@figure=\count86
\c@table=\count87
\abovecaptionskip=\skip41
\belowcaptionskip=\skip42
\bibindent=\dimen102
) (./itb_style.sty
(/usr/share/texlive/texmf-dist/tex/latex/tocbibind/tocbibind.sty
Package: tocbibind 2010/10/13 v1.5k extra ToC listings
Package tocbibind Info: The document has chapter divisions on input line 50.


Package tocbibind Note: Using chapter style headings, unless overridden.

) (/usr/share/texlive/texmf-dist/tex/latex/hyperref/hyperref.sty
Package: hyperref 2012/11/06 v6.83m Hypertext links for LaTeX

(/usr/share/texlive/texmf-dist/tex/generic/oberdiek/hobsub-hyperref.sty
Package: hobsub-hyperref 2012/05/28 v1.13 Bundle oberdiek, subset hyperref (HO)


(/usr/share/texlive/texmf-dist/tex/generic/oberdiek/hobsub-generic.sty
Package: hobsub-generic 2012/05/28 v1.13 Bundle oberdiek, subset generic (HO)
Package: hobsub 2012/05/28 v1.13 Construct package bundles (HO)
Package: infwarerr 2010/04/08 v1.3 Providing info/warning/error messages (HO)
Package: ltxcmds 2011/11/09 v1.22 LaTeX kernel commands for general use (HO)
Package: ifluatex 2010/03/01 v1.3 Provides the ifluatex switch (HO)
Package ifluatex Info: LuaTeX not detected.
Package: ifvtex 2010/03/01 v1.5 Detect VTeX and its facilities (HO)
Package ifvtex Info: VTeX not detected.
Package: intcalc 2007/09/27 v1.1 Expandable calculations with integers (HO)
Package: ifpdf 2011/01/30 v2.3 Provides the ifpdf switch (HO)
Package ifpdf Info: pdfTeX in PDF mode is detected.
Package: etexcmds 2011/02/16 v1.5 Avoid name clashes with e-TeX commands (HO)
Package etexcmds Info: Could not find \expanded.
(etexcmds)             That can mean that you are not using pdfTeX 1.50 or
(etexcmds)             that some package has redefined \expanded.
(etexcmds)             In the latter case, load this package earlier.
Package: kvsetkeys 2012/04/25 v1.16 Key value parser (HO)
Package: kvdefinekeys 2011/04/07 v1.3 Define keys (HO)
Package: pdftexcmds 2011/11/29 v0.20 Utility functions of pdfTeX for LuaTeX (HO
)
Package pdftexcmds Info: LuaTeX not detected.
Package pdftexcmds Info: \pdf@primitive is available.
Package pdftexcmds Info: \pdf@ifprimitive is available.
Package pdftexcmds Info: \pdfdraftmode found.
Package: pdfescape 2011/11/25 v1.13 Implements pdfTeX's escape features (HO)
Package: bigintcalc 2012/04/08 v1.3 Expandable calculations on big integers (HO
)
Package: bitset 2011/01/30 v1.1 Handle bit-vector datatype (HO)
Package: uniquecounter 2011/01/30 v1.2 Provide unlimited unique counter (HO)
)
Package hobsub Info: Skipping package `hobsub' (already loaded).
Package: letltxmacro 2010/09/02 v1.4 Let assignment for LaTeX macros (HO)
Package: hopatch 2012/05/28 v1.2 Wrapper for package hooks (HO)
Package: xcolor-patch 2011/01/30 xcolor patch
Package: atveryend 2011/06/30 v1.8 Hooks at the very end of document (HO)
Package atveryend Info: \enddocument detected (standard20110627).
Package: atbegshi 2011/10/05 v1.16 At begin shipout hook (HO)
Package: refcount 2011/10/16 v3.4 Data extraction from label references (HO)
Package: hycolor 2011/01/30 v1.7 Color options for hyperref/bookmark (HO)
)
(/usr/share/texlive/texmf-dist/tex/latex/graphics/keyval.sty
Package: keyval 2014/10/28 v1.15 key=value parser (DPC)
\KV@toks@=\toks14
)
(/usr/share/texlive/texmf-dist/tex/generic/ifxetex/ifxetex.sty
Package: ifxetex 2010/09/12 v0.6 Provides ifxetex conditional
)
(/usr/share/texlive/texmf-dist/tex/latex/oberdiek/auxhook.sty
Package: auxhook 2011/03/04 v1.3 Hooks for auxiliary files (HO)
)
(/usr/share/texlive/texmf-dist/tex/latex/oberdiek/kvoptions.sty
Package: kvoptions 2011/06/30 v3.11 Key value format for package options (HO)
)
\@linkdim=\dimen103
\Hy@linkcounter=\count88
\Hy@pagecounter=\count89

(/usr/share/texlive/texmf-dist/tex/latex/hyperref/pd1enc.def
File: pd1enc.def 2012/11/06 v6.83m Hyperref: PDFDocEncoding definition (HO)
)
\Hy@SavedSpaceFactor=\count90

(/usr/share/texlive/texmf-dist/tex/latex/latexconfig/hyperref.cfg
File: hyperref.cfg 2002/06/06 v1.2 hyperref configuration of TeXLive
)
Package hyperref Info: Option `final' set `true' on input line 4319.
Package hyperref Info: Hyper figures OFF on input line 4443.
Package hyperref Info: Link nesting OFF on input line 4448.
Package hyperref Info: Hyper index ON on input line 4451.
Package hyperref Info: Plain pages OFF on input line 4458.
Package hyperref Info: Backreferencing OFF on input line 4463.
Package hyperref Info: Implicit mode ON; LaTeX internals redefined.
Package hyperref Info: Bookmarks ON on input line 4688.
\c@Hy@tempcnt=\count91

(/usr/share/texlive/texmf-dist/tex/latex/url/url.sty
\Urlmuskip=\muskip10
Package: url 2013/09/16  ver 3.4  Verb mode for urls, etc.
)
LaTeX Info: Redefining \url on input line 5041.
\XeTeXLinkMargin=\dimen104
\Fld@menulength=\count92
\Field@Width=\dimen105
\Fld@charsize=\dimen106
Package hyperref Info: Hyper figures OFF on input line 6295.
Package hyperref Info: Link nesting OFF on input line 6300.
Package hyperref Info: Hyper index ON on input line 6303.
Package hyperref Info: backreferencing OFF on input line 6310.
Package hyperref Info: Link coloring OFF on input line 6315.
Package hyperref Info: Link coloring with OCG OFF on input line 6320.
Package hyperref Info: PDF/A mode OFF on input line 6325.
LaTeX Info: Redefining \ref on input line 6365.
LaTeX Info: Redefining \pageref on input line 6369.
\Hy@abspage=\count93
\c@Item=\count94
\c@Hfootnote=\count95
)

Package hyperref Message: Driver (autodetected): hpdftex.

(/usr/share/texlive/texmf-dist/tex/latex/hyperref/hpdftex.def
File: hpdftex.def 2012/11/06 v6.83m Hyperref driver for pdfTeX
\Fld@listcount=\count96
\c@bookmark@seq@number=\count97

(/usr/share/texlive/texmf-dist/tex/latex/oberdiek/rerunfilecheck.sty
Package: rerunfilecheck 2011/04/15 v1.7 Rerun checks for auxiliary files (HO)
Package uniquecounter Info: New unique counter `rerunfilecheck' on input line 2
82.
)
\Hy@SectionHShift=\skip43
)

Package hyperref Warning: Option `a4paper' is no longer used.

Package hyperref Info: Option `colorlinks' set `false' on input line 57.
Package hyperref Info: Option `bookmarksopen' set `false' on input line 57.
Package hyperref Info: Option `bookmarksnumbered' set `true' on input line 57.
(/usr/share/texlive/texmf-dist/tex/latex/multirow/multirow.sty
\bigstrutjot=\dimen107
)
(/usr/share/texlive/texmf-dist/tex/latex/graphics/graphicx.sty
Package: graphicx 2014/10/28 v1.0g Enhanced LaTeX Graphics (DPC,SPQR)

(/usr/share/texlive/texmf-dist/tex/latex/graphics/graphics.sty
Package: graphics 2016/01/03 v1.0q Standard LaTeX Graphics (DPC,SPQR)

(/usr/share/texlive/texmf-dist/tex/latex/graphics/trig.sty
Package: trig 2016/01/03 v1.10 sin cos tan (DPC)
)
(/usr/share/texlive/texmf-dist/tex/latex/latexconfig/graphics.cfg
File: graphics.cfg 2010/04/23 v1.9 graphics configuration of TeX Live
)
Package graphics Info: Driver file: pdftex.def on input line 95.

(/usr/share/texlive/texmf-dist/tex/latex/pdftex-def/pdftex.def
File: pdftex.def 2011/05/27 v0.06d Graphics/color for pdfTeX
\Gread@gobject=\count98
))
\Gin@req@height=\dimen108
\Gin@req@width=\dimen109
)
(/usr/share/texlive/texmf-dist/tex/latex/setspace/setspace.sty
Package: setspace 2011/12/19 v6.7a set line spacing
)
(/usr/share/texlive/texmf-dist/tex/latex/geometry/geometry.sty
Package: geometry 2010/09/12 v5.6 Page Geometry
\Gm@cnth=\count99
\Gm@cntv=\count100
\c@Gm@tempcnt=\count101
\Gm@bindingoffset=\dimen110
\Gm@wd@mp=\dimen111
\Gm@odd@mp=\dimen112
\Gm@even@mp=\dimen113
\Gm@layoutwidth=\dimen114
\Gm@layoutheight=\dimen115
\Gm@layouthoffset=\dimen116
\Gm@layoutvoffset=\dimen117
\Gm@dimlist=\toks15
)
(/usr/share/texlive/texmf-dist/tex/latex/caption/caption.sty
Package: caption 2016/02/21 v3.3-144 Customizing captions (AR)

(/usr/share/texlive/texmf-dist/tex/latex/caption/caption3.sty
Package: caption3 2016/02/04 v1.7-139 caption3 kernel (AR)
Package caption3 Info: TeX engine: e-TeX on input line 67.
\captionmargin=\dimen118
\captionmargin@=\dimen119
\captionwidth=\dimen120
\caption@tempdima=\dimen121
\caption@indent=\dimen122
\caption@parindent=\dimen123
\caption@hangindent=\dimen124
)
\c@ContinuedFloat=\count102
Package caption Info: hyperref package is loaded.
)
(/usr/share/texlive/texmf-dist/tex/latex/amsmath/amsmath.sty
Package: amsmath 2016/03/03 v2.15a AMS math features
\@mathmargin=\skip44

For additional information on amsmath, use the `?' option.
(/usr/share/texlive/texmf-dist/tex/latex/amsmath/amstext.sty
Package: amstext 2000/06/29 v2.01 AMS text

(/usr/share/texlive/texmf-dist/tex/latex/amsmath/amsgen.sty
File: amsgen.sty 1999/11/30 v2.0 generic functions
\@emptytoks=\toks16
\ex@=\dimen125
))
(/usr/share/texlive/texmf-dist/tex/latex/amsmath/amsbsy.sty
Package: amsbsy 1999/11/29 v1.2d Bold Symbols
\pmbraise@=\dimen126
)
(/usr/share/texlive/texmf-dist/tex/latex/amsmath/amsopn.sty
Package: amsopn 1999/12/14 v2.01 operator names
)
\inf@bad=\count103
LaTeX Info: Redefining \frac on input line 199.
\uproot@=\count104
\leftroot@=\count105
LaTeX Info: Redefining \overline on input line 297.
\classnum@=\count106
\DOTSCASE@=\count107
LaTeX Info: Redefining \ldots on input line 394.
LaTeX Info: Redefining \dots on input line 397.
LaTeX Info: Redefining \cdots on input line 518.
\Mathstrutbox@=\box26
\strutbox@=\box27
\big@size=\dimen127
LaTeX Font Info:    Redeclaring font encoding OML on input line 630.
LaTeX Font Info:    Redeclaring font encoding OMS on input line 631.
\macc@depth=\count108
\c@MaxMatrixCols=\count109
\dotsspace@=\muskip11
\c@parentequation=\count110
\dspbrk@lvl=\count111
\tag@help=\toks17
\row@=\count112
\column@=\count113
\maxfields@=\count114
\andhelp@=\toks18
\eqnshift@=\dimen128
\alignsep@=\dimen129
\tagshift@=\dimen130
\tagwidth@=\dimen131
\totwidth@=\dimen132
\lineht@=\dimen133
\@envbody=\toks19
\multlinegap=\skip45
\multlinetaggap=\skip46
\mathdisplay@stack=\toks20
LaTeX Info: Redefining \[ on input line 2735.
LaTeX Info: Redefining \] on input line 2736.
)
(/usr/share/texlive/texmf-dist/tex/latex/pslatex/pslatex.sty
Package: pslatex 1996/07/24 v1.2 pslatex emulation (DPC)
LaTeX Font Info:    Redeclaring symbol font `operators' on input line 65.
LaTeX Font Info:    Overwriting symbol font `operators' in version `normal'
(Font)                  OT1/cmr/m/n --> OT1/ptmcm/m/n on input line 65.
LaTeX Font Info:    Overwriting symbol font `operators' in version `bold'
(Font)                  OT1/cmr/bx/n --> OT1/ptmcm/m/n on input line 65.
LaTeX Font Info:    Redeclaring symbol font `letters' on input line 66.
LaTeX Font Info:    Overwriting symbol font `letters' in version `normal'
(Font)                  OML/cmm/m/it --> OML/ptmcm/m/it on input line 66.
LaTeX Font Info:    Overwriting symbol font `letters' in version `bold'
(Font)                  OML/cmm/b/it --> OML/ptmcm/m/it on input line 66.
LaTeX Font Info:    Redeclaring symbol font `symbols' on input line 67.
LaTeX Font Info:    Overwriting symbol font `symbols' in version `normal'
(Font)                  OMS/cmsy/m/n --> OMS/pzccm/m/n on input line 67.
LaTeX Font Info:    Overwriting symbol font `symbols' in version `bold'
(Font)                  OMS/cmsy/b/n --> OMS/pzccm/m/n on input line 67.
LaTeX Font Info:    Redeclaring symbol font `largesymbols' on input line 68.
LaTeX Font Info:    Overwriting symbol font `largesymbols' in version `normal'
(Font)                  OMX/cmex/m/n --> OMX/psycm/m/n on input line 68.
LaTeX Font Info:    Overwriting symbol font `largesymbols' in version `bold'
(Font)                  OMX/cmex/m/n --> OMX/psycm/m/n on input line 68.
\symbold=\mathgroup4
\symitalic=\mathgroup5
LaTeX Font Info:    Redeclaring math alphabet \mathbf on input line 74.
LaTeX Font Info:    Overwriting math alphabet `\mathbf' in version `normal'
(Font)                  OT1/cmr/bx/n --> OT1/ptm/bx/n on input line 74.
LaTeX Font Info:    Overwriting math alphabet `\mathbf' in version `bold'
(Font)                  OT1/cmr/bx/n --> OT1/ptm/bx/n on input line 74.
LaTeX Font Info:    Redeclaring math alphabet \mathit on input line 75.
LaTeX Font Info:    Overwriting math alphabet `\mathit' in version `normal'
(Font)                  OT1/cmr/m/it --> OT1/ptm/m/it on input line 75.
LaTeX Font Info:    Overwriting math alphabet `\mathit' in version `bold'
(Font)                  OT1/cmr/bx/it --> OT1/ptm/m/it on input line 75.
)
(/usr/share/texlive/texmf-dist/tex/latex/fancyhdr/fancyhdr.sty
\fancy@headwidth=\skip47
\f@ncyO@elh=\skip48
\f@ncyO@erh=\skip49
\f@ncyO@olh=\skip50
\f@ncyO@orh=\skip51
\f@ncyO@elf=\skip52
\f@ncyO@erf=\skip53
\f@ncyO@olf=\skip54
\f@ncyO@orf=\skip55
)
(/usr/share/texlive/texmf-dist/tex/latex/pdfpages/pdfpages.sty
Package: pdfpages 2015/09/18 v0.5d Insert pages of external PDF documents (AM)

(/usr/share/texlive/texmf-dist/tex/latex/base/ifthen.sty
Package: ifthen 2014/09/29 v1.1c Standard LaTeX ifthen package (DPC)
)
(/usr/share/texlive/texmf-dist/tex/latex/tools/calc.sty
Package: calc 2014/10/28 v4.3 Infix arithmetic (KKT,FJ)
\calc@Acount=\count115
\calc@Bcount=\count116
\calc@Adimen=\dimen134
\calc@Bdimen=\dimen135
\calc@Askip=\skip56
\calc@Bskip=\skip57
LaTeX Info: Redefining \setlength on input line 80.
LaTeX Info: Redefining \addtolength on input line 81.
\calc@Ccount=\count117
\calc@Cskip=\skip58
)
(/usr/share/texlive/texmf-dist/tex/latex/eso-pic/eso-pic.sty
Package: eso-pic 2015/07/21 v2.0g eso-pic (RN)

(/usr/share/texlive/texmf-dist/tex/latex/xcolor/xcolor.sty
Package: xcolor 2007/01/21 v2.11 LaTeX color extensions (UK)

(/usr/share/texlive/texmf-dist/tex/latex/latexconfig/color.cfg
File: color.cfg 2007/01/18 v1.5 color configuration of teTeX/TeXLive
)
Package xcolor Info: Driver file: pdftex.def on input line 225.
Package xcolor Info: Model `cmy' substituted by `cmy0' on input line 1337.
Package xcolor Info: Model `hsb' substituted by `rgb' on input line 1341.
Package xcolor Info: Model `RGB' extended on input line 1353.
Package xcolor Info: Model `HTML' substituted by `rgb' on input line 1355.
Package xcolor Info: Model `Hsb' substituted by `hsb' on input line 1356.
Package xcolor Info: Model `tHsb' substituted by `hsb' on input line 1357.
Package xcolor Info: Model `HSB' substituted by `hsb' on input line 1358.
Package xcolor Info: Model `Gray' substituted by `gray' on input line 1359.
Package xcolor Info: Model `wave' substituted by `hsb' on input line 1360.
))
\AM@pagewidth=\dimen136
\AM@pageheight=\dimen137

(/usr/share/texlive/texmf-dist/tex/latex/pdfpages/pppdftex.def
File: pppdftex.def 2015/09/18 v0.5d Pdfpages driver for pdfTeX (AM)
)
\AM@pagebox=\box28
\AM@toc@title=\toks21
\c@AM@survey=\count118
\AM@templatesizebox=\box29
)
(./fncychap.sty
Package: fncychap 2007/07/30 v1.34 LaTeX package (Revised chapters)
\RW=\skip59
\mylen=\skip60
\myhi=\skip61
\px=\skip62
\py=\skip63
\pyy=\skip64
\pxx=\skip65
) (/usr/share/texlive/texmf-dist/tex/latex/graphics/lscape.sty
Package: lscape 2000/10/22 v3.01 Landscape Pages (DPC)
)
(/usr/share/texlive/texmf-dist/tex/latex/oberdiek/pdflscape.sty
Package: pdflscape 2008/08/11 v0.10 Display of landscape pages in PDF (HO)
Package pdflscape Info: Auto-detected driver: pdftex on input line 80.
)
(/usr/share/texlive/texmf-dist/tex/latex/tools/multicol.sty
Package: multicol 2015/08/19 v1.8n multicolumn formatting (FMi)
\c@tracingmulticols=\count119
\mult@box=\box30
\multicol@leftmargin=\dimen138
\c@unbalance=\count120
\c@collectmore=\count121
\doublecol@number=\count122
\multicoltolerance=\count123
\multicolpretolerance=\count124
\full@width=\dimen139
\page@free=\dimen140
\premulticols=\dimen141
\postmulticols=\dimen142
\multicolsep=\skip66
\multicolbaselineskip=\skip67
\partial@page=\box31
\last@line=\box32
\maxbalancingoverflow=\dimen143
\mult@rightbox=\box33
\mult@grightbox=\box34
\mult@gfirstbox=\box35
\mult@firstbox=\box36
\@tempa=\box37
\@tempa=\box38
\@tempa=\box39
\@tempa=\box40
\@tempa=\box41
\@tempa=\box42
\@tempa=\box43
\@tempa=\box44
\@tempa=\box45
\@tempa=\box46
\@tempa=\box47
\@tempa=\box48
\@tempa=\box49
\@tempa=\box50
\@tempa=\box51
\@tempa=\box52
\@tempa=\box53
\c@columnbadness=\count125
\c@finalcolumnbadness=\count126
\last@try=\dimen144
\multicolovershoot=\dimen145
\multicolundershoot=\dimen146
\mult@nat@firstbox=\box54
\colbreak@box=\box55
\mc@col@check@num=\count127
)
(/usr/share/texlive/texmf-dist/tex/latex/tools/longtable.sty
Package: longtable 2014/10/28 v4.11 Multi-page Table package (DPC)
\LTleft=\skip68
\LTright=\skip69
\LTpre=\skip70
\LTpost=\skip71
\LTchunksize=\count128
\LTcapwidth=\dimen147
\LT@head=\box56
\LT@firsthead=\box57
\LT@foot=\box58
\LT@lastfoot=\box59
\LT@cols=\count129
\LT@rows=\count130
\c@LT@tables=\count131
\c@LT@chunks=\count132
\LT@p@ftn=\toks22
)
(/usr/share/texlive/texmf-dist/tex/latex/supertabular/supertabular.sty
Package: supertabular 2004/02/20 v4.1e the supertabular environment
\c@tracingst=\count133
\ST@wd=\dimen148
\ST@rightskip=\skip72
\ST@leftskip=\skip73
\ST@parfillskip=\skip74
\ST@pageleft=\dimen149
\ST@headht=\dimen150
\ST@tailht=\dimen151
\ST@pagesofar=\dimen152
\ST@pboxht=\dimen153
\ST@lineht=\dimen154
\ST@stretchht=\dimen155
\ST@prevht=\dimen156
\ST@toadd=\dimen157
\ST@dimen=\dimen158
\ST@pbox=\box60
)
(/usr/share/texlive/texmf-dist/tex/latex/booktabs/booktabs.sty
Package: booktabs 2005/04/14 v1.61803 publication quality tables
\heavyrulewidth=\dimen159
\lightrulewidth=\dimen160
\cmidrulewidth=\dimen161
\belowrulesep=\dimen162
\belowbottomsep=\dimen163
\aboverulesep=\dimen164
\abovetopsep=\dimen165
\cmidrulesep=\dimen166
\cmidrulekern=\dimen167
\defaultaddspace=\dimen168
\@cmidla=\count134
\@cmidlb=\count135
\@aboverulesep=\dimen169
\@belowrulesep=\dimen170
\@thisruleclass=\count136
\@lastruleclass=\count137
\@thisrulewidth=\dimen171
)
(/usr/share/texlive/texmf-dist/tex/latex/colortbl/colortbl.sty
Package: colortbl 2012/02/13 v1.0a Color table columns (DPC)

(/usr/share/texlive/texmf-dist/tex/latex/tools/array.sty
Package: array 2014/10/28 v2.4c Tabular extension package (FMi)
\col@sep=\dimen172
\extrarowheight=\dimen173
\NC@list=\toks23
\extratabsurround=\skip75
\backup@length=\skip76
)
\everycr=\toks24
\minrowclearance=\skip77
)
(/usr/share/texlive/texmf-dist/tex/latex/listings/listings.sty
\lst@mode=\count138
\lst@gtempboxa=\box61
\lst@token=\toks25
\lst@length=\count139
\lst@currlwidth=\dimen174
\lst@column=\count140
\lst@pos=\count141
\lst@lostspace=\dimen175
\lst@width=\dimen176
\lst@newlines=\count142
\lst@lineno=\count143
\lst@maxwidth=\dimen177

(/usr/share/texlive/texmf-dist/tex/latex/listings/lstmisc.sty
File: lstmisc.sty 2015/06/04 1.6 (Carsten Heinz)
\c@lstnumber=\count144
\lst@skipnumbers=\count145
\lst@framebox=\box62
)
(/usr/share/texlive/texmf-dist/tex/latex/listings/listings.cfg
File: listings.cfg 2015/06/04 1.6 listings configuration
))
Package: listings 2015/06/04 1.6 (Carsten Heinz)

(/usr/share/texlive/texmf-dist/tex/latex/chngcntr/chngcntr.sty
Package: chngcntr 2009/09/02 v1.0a change counter resetting
)
(/usr/share/texlive/texmf-dist/tex/latex/minted/minted.sty
Package: minted 2015/09/09 v2.1 Yet another Pygments shim for LaTeX

(/usr/share/texlive/texmf-dist/tex/latex/fancyvrb/fancyvrb.sty
Package: fancyvrb 2008/02/07

Style option: `fancyvrb' v2.7a, with DG/SPQR fixes, and firstline=lastline fix 
<2008/02/07> (tvz)
\FV@CodeLineNo=\count146
\FV@InFile=\read1
\FV@TabBox=\box63
\c@FancyVerbLine=\count147
\FV@StepNumber=\count148
\FV@OutFile=\write3
) (/usr/share/texlive/texmf-dist/tex/latex/float/float.sty
Package: float 2001/11/08 v1.3d Float enhancements (AL)
\c@float@type=\count149
\float@exts=\toks26
\float@box=\box64
\@float@everytoks=\toks27
\@floatcapt=\box65
)
(/usr/share/texlive/texmf-dist/tex/latex/ifplatform/ifplatform.sty
Package: ifplatform 2010/10/22 v0.4 Testing for the operating system

(/usr/share/texlive/texmf-dist/tex/generic/oberdiek/catchfile.sty
Package: catchfile 2011/03/01 v1.6 Catch the contents of a file (HO)
)
runsystem(uname -s > "thesis.w18")...executed.


(./thesis.w18)
runsystem(rm -- "thesis.w18")...executed.

) (/usr/share/texlive/texmf-dist/tex/latex/etoolbox/etoolbox.sty
Package: etoolbox 2015/08/02 v2.2a e-TeX tools for LaTeX (JAW)
\etb@tempcnta=\count150
) (/usr/share/texlive/texmf-dist/tex/generic/xstring/xstring.sty
(/usr/share/texlive/texmf-dist/tex/generic/xstring/xstring.tex
\@xs@message=\write4
\integerpart=\count151
\decimalpart=\count152
)
Package: xstring 2013/10/13  v1.7c  String manipulations (C Tellechea)
)
(/usr/share/texlive/texmf-dist/tex/latex/lineno/lineno.sty
Package: lineno 2005/11/02 line numbers on paragraphs v4.41
\linenopenalty=\count153
\output=\toks28
\linenoprevgraf=\count154
\linenumbersep=\dimen178
\linenumberwidth=\dimen179
\c@linenumber=\count155
\c@pagewiselinenumber=\count156
\c@LN@truepage=\count157
\c@internallinenumber=\count158
\c@internallinenumbers=\count159
\quotelinenumbersep=\dimen180
\bframerule=\dimen181
\bframesep=\dimen182
\bframebox=\box66
LaTeX Info: Redefining \\ on input line 3056.
)
\minted@appexistsfile=\read2
\FV@BreakIndent=\dimen183
\FV@BreakSymbolSepLeft=\dimen184
\FV@BreakSymbolSepRight=\dimen185
\FV@BreakSymbolIndentLeft=\dimen186
\FV@BreakSymbolIndentRight=\dimen187
\c@FancyVerbLineBreakLast=\count160
\FV@LineBox=\box67
\FV@LineIndentBox=\box68
\minted@bgbox=\box69
\minted@code=\write5
\c@minted@FancyVerbLineTemp=\count161
\@float@every@listing=\toks29
\c@listing=\count162
)
runsystem(mkdir -p "_minted-thesis")...executed.


(./_minted-thesis/default.pygstyle)
(/usr/share/texlive/texmf-dist/tex/latex/tcolorbox/tcolorbox.sty
Package: tcolorbox 2016/02/29 version 3.90 text color boxes

(/usr/share/texlive/texmf-dist/tex/latex/pgf/basiclayer/pgf.sty
(/usr/share/texlive/texmf-dist/tex/latex/pgf/utilities/pgfrcs.sty
(/usr/share/texlive/texmf-dist/tex/generic/pgf/utilities/pgfutil-common.tex
\pgfutil@everybye=\toks30
\pgfutil@tempdima=\dimen188
\pgfutil@tempdimb=\dimen189

(/usr/share/texlive/texmf-dist/tex/generic/pgf/utilities/pgfutil-common-lists.t
ex)) (/usr/share/texlive/texmf-dist/tex/generic/pgf/utilities/pgfutil-latex.def
\pgfutil@abb=\box70
(/usr/share/texlive/texmf-dist/tex/latex/ms/everyshi.sty
Package: everyshi 2001/05/15 v3.00 EveryShipout Package (MS)
))
(/usr/share/texlive/texmf-dist/tex/generic/pgf/utilities/pgfrcs.code.tex
Package: pgfrcs 2015/08/07 v3.0.1a (rcs-revision 1.31)
))
Package: pgf 2015/08/07 v3.0.1a (rcs-revision 1.15)

(/usr/share/texlive/texmf-dist/tex/latex/pgf/basiclayer/pgfcore.sty
(/usr/share/texlive/texmf-dist/tex/latex/pgf/systemlayer/pgfsys.sty
(/usr/share/texlive/texmf-dist/tex/generic/pgf/systemlayer/pgfsys.code.tex
Package: pgfsys 2014/07/09 v3.0.1a (rcs-revision 1.48)

(/usr/share/texlive/texmf-dist/tex/generic/pgf/utilities/pgfkeys.code.tex
\pgfkeys@pathtoks=\toks31
\pgfkeys@temptoks=\toks32

(/usr/share/texlive/texmf-dist/tex/generic/pgf/utilities/pgfkeysfiltered.code.t
ex
\pgfkeys@tmptoks=\toks33
))
\pgf@x=\dimen190
\pgf@y=\dimen191
\pgf@xa=\dimen192
\pgf@ya=\dimen193
\pgf@xb=\dimen194
\pgf@yb=\dimen195
\pgf@xc=\dimen196
\pgf@yc=\dimen197
\w@pgf@writea=\write6
\r@pgf@reada=\read3
\c@pgf@counta=\count163
\c@pgf@countb=\count164
\c@pgf@countc=\count165
\c@pgf@countd=\count166
\t@pgf@toka=\toks34
\t@pgf@tokb=\toks35
\t@pgf@tokc=\toks36
 (/usr/share/texlive/texmf-dist/tex/generic/pgf/systemlayer/pgf.cfg
File: pgf.cfg 2008/05/14  (rcs-revision 1.7)
)
Driver file for pgf: pgfsys-pdftex.def

(/usr/share/texlive/texmf-dist/tex/generic/pgf/systemlayer/pgfsys-pdftex.def
File: pgfsys-pdftex.def 2014/10/11  (rcs-revision 1.35)

(/usr/share/texlive/texmf-dist/tex/generic/pgf/systemlayer/pgfsys-common-pdf.de
f
File: pgfsys-common-pdf.def 2013/10/10  (rcs-revision 1.13)
)))
(/usr/share/texlive/texmf-dist/tex/generic/pgf/systemlayer/pgfsyssoftpath.code.
tex
File: pgfsyssoftpath.code.tex 2013/09/09  (rcs-revision 1.9)
\pgfsyssoftpath@smallbuffer@items=\count167
\pgfsyssoftpath@bigbuffer@items=\count168
)
(/usr/share/texlive/texmf-dist/tex/generic/pgf/systemlayer/pgfsysprotocol.code.
tex
File: pgfsysprotocol.code.tex 2006/10/16  (rcs-revision 1.4)
))
(/usr/share/texlive/texmf-dist/tex/generic/pgf/basiclayer/pgfcore.code.tex
Package: pgfcore 2010/04/11 v3.0.1a (rcs-revision 1.7)

(/usr/share/texlive/texmf-dist/tex/generic/pgf/math/pgfmath.code.tex
(/usr/share/texlive/texmf-dist/tex/generic/pgf/math/pgfmathcalc.code.tex
(/usr/share/texlive/texmf-dist/tex/generic/pgf/math/pgfmathutil.code.tex)
(/usr/share/texlive/texmf-dist/tex/generic/pgf/math/pgfmathparser.code.tex
\pgfmath@dimen=\dimen198
\pgfmath@count=\count169
\pgfmath@box=\box71
\pgfmath@toks=\toks37
\pgfmath@stack@operand=\toks38
\pgfmath@stack@operation=\toks39
)
(/usr/share/texlive/texmf-dist/tex/generic/pgf/math/pgfmathfunctions.code.tex
(/usr/share/texlive/texmf-dist/tex/generic/pgf/math/pgfmathfunctions.basic.code
.tex)
(/usr/share/texlive/texmf-dist/tex/generic/pgf/math/pgfmathfunctions.trigonomet
ric.code.tex)
(/usr/share/texlive/texmf-dist/tex/generic/pgf/math/pgfmathfunctions.random.cod
e.tex)
(/usr/share/texlive/texmf-dist/tex/generic/pgf/math/pgfmathfunctions.comparison
.code.tex)
(/usr/share/texlive/texmf-dist/tex/generic/pgf/math/pgfmathfunctions.base.code.
tex)
(/usr/share/texlive/texmf-dist/tex/generic/pgf/math/pgfmathfunctions.round.code
.tex)
(/usr/share/texlive/texmf-dist/tex/generic/pgf/math/pgfmathfunctions.misc.code.
tex)
(/usr/share/texlive/texmf-dist/tex/generic/pgf/math/pgfmathfunctions.integerari
thmetics.code.tex)))
(/usr/share/texlive/texmf-dist/tex/generic/pgf/math/pgfmathfloat.code.tex
\c@pgfmathroundto@lastzeros=\count170
))
(/usr/share/texlive/texmf-dist/tex/generic/pgf/basiclayer/pgfcorepoints.code.te
x
File: pgfcorepoints.code.tex 2013/10/07  (rcs-revision 1.27)
\pgf@picminx=\dimen199
\pgf@picmaxx=\dimen256
\pgf@picminy=\dimen257
\pgf@picmaxy=\dimen258
\pgf@pathminx=\dimen259
\pgf@pathmaxx=\dimen260
\pgf@pathminy=\dimen261
\pgf@pathmaxy=\dimen262
\pgf@xx=\dimen263
\pgf@xy=\dimen264
\pgf@yx=\dimen265
\pgf@yy=\dimen266
\pgf@zx=\dimen267
\pgf@zy=\dimen268
)
(/usr/share/texlive/texmf-dist/tex/generic/pgf/basiclayer/pgfcorepathconstruct.
code.tex
File: pgfcorepathconstruct.code.tex 2013/10/07  (rcs-revision 1.29)
\pgf@path@lastx=\dimen269
\pgf@path@lasty=\dimen270
)
(/usr/share/texlive/texmf-dist/tex/generic/pgf/basiclayer/pgfcorepathusage.code
.tex
File: pgfcorepathusage.code.tex 2014/11/02  (rcs-revision 1.24)
\pgf@shorten@end@additional=\dimen271
\pgf@shorten@start@additional=\dimen272
)
(/usr/share/texlive/texmf-dist/tex/generic/pgf/basiclayer/pgfcorescopes.code.te
x
File: pgfcorescopes.code.tex 2015/05/08  (rcs-revision 1.46)
\pgfpic=\box72
\pgf@hbox=\box73
\pgf@layerbox@main=\box74
\pgf@picture@serial@count=\count171
)
(/usr/share/texlive/texmf-dist/tex/generic/pgf/basiclayer/pgfcoregraphicstate.c
ode.tex
File: pgfcoregraphicstate.code.tex 2014/11/02  (rcs-revision 1.12)
\pgflinewidth=\dimen273
)
(/usr/share/texlive/texmf-dist/tex/generic/pgf/basiclayer/pgfcoretransformation
s.code.tex
File: pgfcoretransformations.code.tex 2015/08/07  (rcs-revision 1.20)
\pgf@pt@x=\dimen274
\pgf@pt@y=\dimen275
\pgf@pt@temp=\dimen276
)
(/usr/share/texlive/texmf-dist/tex/generic/pgf/basiclayer/pgfcorequick.code.tex
File: pgfcorequick.code.tex 2008/10/09  (rcs-revision 1.3)
)
(/usr/share/texlive/texmf-dist/tex/generic/pgf/basiclayer/pgfcoreobjects.code.t
ex
File: pgfcoreobjects.code.tex 2006/10/11  (rcs-revision 1.2)
)
(/usr/share/texlive/texmf-dist/tex/generic/pgf/basiclayer/pgfcorepathprocessing
.code.tex
File: pgfcorepathprocessing.code.tex 2013/09/09  (rcs-revision 1.9)
)
(/usr/share/texlive/texmf-dist/tex/generic/pgf/basiclayer/pgfcorearrows.code.te
x
File: pgfcorearrows.code.tex 2015/05/14  (rcs-revision 1.43)
\pgfarrowsep=\dimen277
)
(/usr/share/texlive/texmf-dist/tex/generic/pgf/basiclayer/pgfcoreshade.code.tex
File: pgfcoreshade.code.tex 2013/07/15  (rcs-revision 1.15)
\pgf@max=\dimen278
\pgf@sys@shading@range@num=\count172
)
(/usr/share/texlive/texmf-dist/tex/generic/pgf/basiclayer/pgfcoreimage.code.tex
File: pgfcoreimage.code.tex 2013/07/15  (rcs-revision 1.18)

(/usr/share/texlive/texmf-dist/tex/generic/pgf/basiclayer/pgfcoreexternal.code.
tex
File: pgfcoreexternal.code.tex 2014/07/09  (rcs-revision 1.21)
\pgfexternal@startupbox=\box75
))
(/usr/share/texlive/texmf-dist/tex/generic/pgf/basiclayer/pgfcorelayers.code.te
x
File: pgfcorelayers.code.tex 2013/07/18  (rcs-revision 1.7)
)
(/usr/share/texlive/texmf-dist/tex/generic/pgf/basiclayer/pgfcoretransparency.c
ode.tex
File: pgfcoretransparency.code.tex 2013/09/30  (rcs-revision 1.5)
)
(/usr/share/texlive/texmf-dist/tex/generic/pgf/basiclayer/pgfcorepatterns.code.
tex
File: pgfcorepatterns.code.tex 2013/11/07  (rcs-revision 1.5)
)))
(/usr/share/texlive/texmf-dist/tex/generic/pgf/modules/pgfmoduleshapes.code.tex
File: pgfmoduleshapes.code.tex 2014/03/21  (rcs-revision 1.35)
\pgfnodeparttextbox=\box76
) (/usr/share/texlive/texmf-dist/tex/generic/pgf/modules/pgfmoduleplot.code.tex
File: pgfmoduleplot.code.tex 2015/08/03  (rcs-revision 1.13)
)
(/usr/share/texlive/texmf-dist/tex/latex/pgf/compatibility/pgfcomp-version-0-65
.sty
Package: pgfcomp-version-0-65 2007/07/03 v3.0.1a (rcs-revision 1.7)
\pgf@nodesepstart=\dimen279
\pgf@nodesepend=\dimen280
)
(/usr/share/texlive/texmf-dist/tex/latex/pgf/compatibility/pgfcomp-version-1-18
.sty
Package: pgfcomp-version-1-18 2007/07/23 v3.0.1a (rcs-revision 1.1)
)) (/usr/share/texlive/texmf-dist/tex/latex/tools/verbatim.sty
Package: verbatim 2014/10/28 v1.5q LaTeX2e package for verbatim enhancements
\every@verbatim=\toks40
\verbatim@line=\toks41
\verbatim@in@stream=\read4
)
(/usr/share/texlive/texmf-dist/tex/latex/environ/environ.sty
Package: environ 2014/05/04 v0.3 A new way to define environments

(/usr/share/texlive/texmf-dist/tex/latex/trimspaces/trimspaces.sty
Package: trimspaces 2009/09/17 v1.1 Trim spaces around a token list
))
\tcb@titlebox=\box77
\tcb@upperbox=\box78
\tcb@lowerbox=\box79
\tcb@phantombox=\box80
\c@tcbbreakpart=\count173
\c@tcblayer=\count174
\tcolorbox@number=\count175
\tcb@temp=\box81
\tcb@temp=\box82
\tcb@temp=\box83
\tcb@temp=\box84
\tcb@out=\write7
\tcb@record@out=\write8
)
(/usr/share/texlive/texmf-dist/tex/latex/caption/subcaption.sty
Package: subcaption 2016/02/20 v1.1-142 Sub-captions (AR)
\c@subfigure=\count176
\c@subtable=\count177
)
(/usr/share/texlive/texmf-dist/tex/latex/algorithms/algorithm.sty
Package: algorithm 2009/08/24 v0.1 Document Style `algorithm' - floating enviro
nment
\@float@every@algorithm=\toks42
\c@algorithm=\count178
)
(/usr/share/texlive/texmf-dist/tex/latex/algorithms/algorithmic.sty
Package: algorithmic 2009/08/24 v0.1 Document Style `algorithmic'
\c@ALC@unique=\count179
\c@ALC@line=\count180
\c@ALC@rem=\count181
\c@ALC@depth=\count182
\ALC@tlm=\skip78
\algorithmicindent=\skip79
)
(/usr/share/texlive/texmf-dist/tex/latex/natbib/natbib.sty
Package: natbib 2010/09/13 8.31b (PWD, AO)
\bibhang=\skip80
\bibsep=\skip81
LaTeX Info: Redefining \cite on input line 694.
\c@NAT@ctr=\count183
)
(/usr/share/texlive/texmf-dist/tex/latex/paralist/paralist.sty
Package: paralist 2015/12/30 v2.5 Extended list environments
\pltopsep=\skip82
\plpartopsep=\skip83
\plitemsep=\skip84
\plparsep=\skip85
\pl@lab=\toks43
))
(./laporan_setting.tex)
\@input{hype.indonesia.aux}
\openout2 = `hype.indonesia.aux'.

(./hype.indonesia.tex) (./istilah.tex)
runsystem(which "pygmentize" && touch "thesis.aex")...executed.

runsystem(rm "thesis.aex")...executed.

 (./thesis.aux (./sampul.aux)
(./judul_dalam.aux) (./pengesahan.aux) (./orisinal.aux)
(./pengesahan_sidang.aux) (./pengantar.aux) (./persetujuan_publikasi.aux)
(./abstrak.aux) (./abstract.aux) (./bab1.aux) (./bab2.aux) (./bab3.aux)
(./bab4.aux) (./bab5.aux) (./kesimpulan.aux) (./pustaka.aux)
(./markLampiran.aux))
\openout1 = `thesis.aux'.

LaTeX Font Info:    Checking defaults for OML/cmm/m/it on input line 30.
LaTeX Font Info:    ... okay on input line 30.
LaTeX Font Info:    Checking defaults for T1/cmr/m/n on input line 30.
LaTeX Font Info:    ... okay on input line 30.
LaTeX Font Info:    Checking defaults for OT1/cmr/m/n on input line 30.
LaTeX Font Info:    ... okay on input line 30.
LaTeX Font Info:    Checking defaults for OMS/pzccm/m/n on input line 30.
LaTeX Font Info:    Try loading font information for OMS+pzccm on input line 30
.

(/usr/share/texlive/texmf-dist/tex/latex/psnfss/omspzccm.fd
File: omspzccm.fd 2000/01/03 Fontinst v1.801 font definitions for OMS/pzccm.
)
LaTeX Font Info:    ... okay on input line 30.
LaTeX Font Info:    Checking defaults for OMX/cmex/m/n on input line 30.
LaTeX Font Info:    ... okay on input line 30.
LaTeX Font Info:    Checking defaults for U/cmr/m/n on input line 30.
LaTeX Font Info:    ... okay on input line 30.
LaTeX Font Info:    Checking defaults for PD1/pdf/m/n on input line 30.
LaTeX Font Info:    ... okay on input line 30.
\AtBeginShipoutBox=\box85
Package hyperref Info: Link coloring OFF on input line 30.

(/usr/share/texlive/texmf-dist/tex/latex/hyperref/nameref.sty
Package: nameref 2012/10/27 v2.43 Cross-referencing by name of section

(/usr/share/texlive/texmf-dist/tex/generic/oberdiek/gettitlestring.sty
Package: gettitlestring 2010/12/03 v1.4 Cleanup title references (HO)
)
\c@section@level=\count184
)
LaTeX Info: Redefining \ref on input line 30.
LaTeX Info: Redefining \pageref on input line 30.
LaTeX Info: Redefining \nameref on input line 30.

(./thesis.out) (./thesis.out)
\@outlinefile=\write9
\openout9 = `thesis.out'.


(/usr/share/texlive/texmf-dist/tex/context/base/supp-pdf.mkii
[Loading MPS to PDF converter (version 2006.09.02).]
\scratchcounter=\count185
\scratchdimen=\dimen281
\scratchbox=\box86
\nofMPsegments=\count186
\nofMParguments=\count187
\everyMPshowfont=\toks44
\MPscratchCnt=\count188
\MPscratchDim=\dimen282
\MPnumerator=\count189
\makeMPintoPDFobject=\count190
\everyMPtoPDFconversion=\toks45
) (/usr/share/texlive/texmf-dist/tex/latex/oberdiek/epstopdf-base.sty
Package: epstopdf-base 2010/02/09 v2.5 Base part for package epstopdf

(/usr/share/texlive/texmf-dist/tex/latex/oberdiek/grfext.sty
Package: grfext 2010/08/19 v1.1 Manage graphics extensions (HO)
)
Package grfext Info: Graphics extension search list:
(grfext)             [.png,.pdf,.jpg,.mps,.jpeg,.jbig2,.jb2,.PNG,.PDF,.JPG,.JPE
G,.JBIG2,.JB2,.eps]
(grfext)             \AppendGraphicsExtensions on input line 452.

(/usr/share/texlive/texmf-dist/tex/latex/latexconfig/epstopdf-sys.cfg
File: epstopdf-sys.cfg 2010/07/13 v1.3 Configuration of (r)epstopdf for TeX Liv
e
))
*geometry* driver: auto-detecting
*geometry* detected driver: pdftex
*geometry* verbose mode - [ preamble ] result:
* driver: pdftex
* paper: a4paper
* layout: <same size as paper>
* layoutoffset:(h,v)=(0.0pt,0.0pt)
* modes: 
* h-part:(L,W,R)=(113.81102pt, 398.3386pt, 85.35826pt)
* v-part:(T,H,B)=(85.35826pt, 674.33032pt, 85.35826pt)
* \paperwidth=597.50787pt
* \paperheight=845.04684pt
* \textwidth=398.3386pt
* \textheight=674.33032pt
* \oddsidemargin=41.54103pt
* \evensidemargin=41.54103pt
* \topmargin=-11.91173pt
* \headheight=0.0pt
* \headsep=25.0pt
* \topskip=12.0pt
* \footskip=30.0pt
* \marginparwidth=35.0pt
* \marginparsep=10.0pt
* \columnsep=10.0pt
* \skip\footins=10.8pt plus 4.0pt minus 2.0pt
* \hoffset=0.0pt
* \voffset=0.0pt
* \mag=1000
* \@twocolumnfalse
* \@twosidefalse
* \@mparswitchfalse
* \@reversemarginfalse
* (1in=72.27pt=25.4mm, 1cm=28.453pt)

Package caption Info: Begin \AtBeginDocument code.
Package caption Info: float package is loaded.
Package caption Info: listings package is loaded.
Package caption Info: longtable package is loaded.
(/usr/share/texlive/texmf-dist/tex/latex/caption/ltcaption.sty
Package: ltcaption 2013/06/09 v1.4-94 longtable captions (AR)
)
Package caption Info: supertabular package is loaded.
Package caption Info: End \AtBeginDocument code.
\c@lstlisting=\count191

(./_minted-thesis/default-pyg-prefix.pygstyle)
ABD: EveryShipout initializing macros
\openout2 = `sampul.aux'.

 (./sampul.tex
LaTeX Font Info:    Font shape `OT1/ptm/bx/n' in size <14.4> not available
(Font)              Font shape `OT1/ptm/b/n' tried instead on input line 12.
LaTeX Font Info:    Font shape `OT1/ptm/bx/it' in size <14.4> not available
(Font)              Font shape `OT1/ptm/b/it' tried instead on input line 13.
LaTeX Font Info:    Font shape `OT1/ptm/bx/n' in size <10.95> not available
(Font)              Font shape `OT1/ptm/b/n' tried instead on input line 31.
LaTeX Font Info:    Font shape `OT1/ptm/bx/n' in size <12> not available
(Font)              Font shape `OT1/ptm/b/n' tried instead on input line 32.

<Resources/Images/itb.png, id=330, 401.5pt x 539.01375pt>
File: Resources/Images/itb.png Graphic file (type png)

<use Resources/Images/itb.png>
Package pdftex.def Info: Resources/Images/itb.png used on input line 39.
(pdftex.def)             Requested size: 74.1783pt x 99.58464pt.
 [1




{/var/lib/texmf/fonts/map/pdftex/updmap/pdftex.map} <./Resources/Images/itb.png
>])
\openout2 = `judul_dalam.aux'.

 (./judul_dalam.tex
File: Resources/Images/itb.png Graphic file (type png)

<use Resources/Images/itb.png>
Package pdftex.def Info: Resources/Images/itb.png used on input line 12.
(pdftex.def)             Requested size: 71.13188pt x 95.4885pt.
LaTeX Font Info:    Font shape `OT1/ptm/bx/it' in size <12> not available
(Font)              Font shape `OT1/ptm/b/it' tried instead on input line 22.
 [1


])
\openout2 = `pengesahan.aux'.

 (./pengesahan.tex
LaTeX Font Info:    Try loading font information for OT1+ptmcm on input line 14
.

(/usr/share/texlive/texmf-dist/tex/latex/psnfss/ot1ptmcm.fd
File: ot1ptmcm.fd 2000/01/03 Fontinst v1.801 font definitions for OT1/ptmcm.
)
LaTeX Font Info:    Try loading font information for OML+ptmcm on input line 14
.

(/usr/share/texlive/texmf-dist/tex/latex/psnfss/omlptmcm.fd
File: omlptmcm.fd 2000/01/03 Fontinst v1.801 font definitions for OML/ptmcm.
)
LaTeX Font Info:    Try loading font information for OMX+psycm on input line 14
.

(/usr/share/texlive/texmf-dist/tex/latex/psnfss/omxpsycm.fd
File: omxpsycm.fd 2000/01/03 Fontinst v1.801 font definitions for OMX/psycm.
)
LaTeX Font Info:    Font shape `OT1/ptm/bx/n' in size <9> not available
(Font)              Font shape `OT1/ptm/b/n' tried instead on input line 14.
LaTeX Font Info:    Font shape `OT1/ptm/bx/n' in size <7> not available
(Font)              Font shape `OT1/ptm/b/n' tried instead on input line 14.

Underfull \hbox (badness 10000) in paragraph at lines 13--19

 []


Underfull \hbox (badness 10000) in paragraph at lines 22--23

 []

[2



])
\openout2 = `orisinal.aux'.

 (./orisinal.tex [3



])
\openout2 = `pengesahan_sidang.aux'.

 (./pengesahan_sidang.tex
Overfull \hbox (12.06679pt too wide) in paragraph at lines 13--21
[] 
 []


Underfull \hbox (badness 10000) in paragraph at lines 13--21

 []


Underfull \hbox (badness 10000) in paragraph at lines 24--28

 []


Underfull \hbox (badness 10000) in paragraph at lines 35--45

 []


Overfull \hbox (16.19841pt too wide) in paragraph at lines 46--47
[][]
 []


Underfull \hbox (badness 10000) in paragraph at lines 46--47

 []

[4



])
\openout2 = `pengantar.aux'.

 (./pengantar.tex
<pics/creative_common.png, id=357, 759.83875pt x 645.41125pt>
File: pics/creative_common.png Graphic file (type png)

<use pics/creative_common.png>
Package pdftex.def Info: pics/creative_common.png used on input line 28.
(pdftex.def)             Requested size: 294.77274pt x 250.37987pt.
LaTeX Font Info:    Font shape `OT1/ptm/bx/n' in size <10> not available
(Font)              Font shape `OT1/ptm/b/n' tried instead on input line 29.


LaTeX Warning: `h' float specifier changed to `ht'.

<pics/mark.png, id=362, 336.25626pt x 66.2475pt>
File: pics/mark.png Graphic file (type png)
 <use pics/mark.png>
Package pdftex.def Info: pics/mark.png used on input line 61.
(pdftex.def)             Requested size: 215.10016pt x 42.37802pt.


LaTeX Warning: `h' float specifier changed to `ht'.

[5



]) [6 <./pics/creative_common.png (PNG copy)> <./pics/mark.png (PNG copy)>]
\openout2 = `persetujuan_publikasi.aux'.


(./persetujuan_publikasi.tex
Underfull \hbox (badness 10000) in paragraph at lines 30--36

 []

[7



])
\openout2 = `abstrak.aux'.

 (./abstrak.tex
Underfull \hbox (badness 10000) in paragraph at lines 12--17

 []


Overfull \hbox (0.85362pt too wide) in paragraph at lines 20--21
 []
 []


Underfull \hbox (badness 10000) in paragraph at lines 20--21

 []


Underfull \hbox (badness 10000) in paragraph at lines 20--21

 []


Underfull \hbox (badness 10000) in paragraph at lines 24--27
[]
 []


Underfull \hbox (badness 10000) in paragraph at lines 24--27

 []


Underfull \hbox (badness 10000) in paragraph at lines 24--27

 []

[8



])
\openout2 = `abstract.aux'.

 (./abstract.tex
Underfull \hbox (badness 10000) in paragraph at lines 12--17

 []


Overfull \hbox (0.85362pt too wide) in paragraph at lines 20--21
 [] 
 []


Underfull \hbox (badness 10000) in paragraph at lines 20--21

 []


Underfull \hbox (badness 10000) in paragraph at lines 24--26
[]
 []


Underfull \hbox (badness 10000) in paragraph at lines 24--26

 []

[9



]) (./thesis.toc [10


] [11])
\tf@toc=\write10
\openout10 = `thesis.toc'.

 [12] (./thesis.lof [13


])
\tf@lof=\write11
\openout11 = `thesis.lof'.

 [14] (./thesis.lot
[15


] [16] [17] [18])
\tf@lot=\write12
\openout12 = `thesis.lot'.

 [19] (./thesis.loa)
\tf@loa=\write13
\openout13 = `thesis.loa'.

 [20


] (./thesis.lol)
\tf@lol=\write14
\openout14 = `thesis.lol'.

 [21


]
\openout2 = `bab1.aux'.

 (./bab1.tex
BAB 1.

Package hyperref Warning: Token not allowed in a PDF string (PDFDocEncoding):
(hyperref)                removing `\uppercase' on input line 2.


LaTeX Warning: No positions in optional float specifier.
               Default added (so using `!h') on input line 15.


<Resources/Images/peta_kelurahan_per_bs.png, id=1081, 756.8275pt x 434.62375pt>
File: Resources/Images/peta_kelurahan_per_bs.png Graphic file (type png)
<use Resources/Images/peta_kelurahan_per_bs.png>
Package pdftex.def Info: Resources/Images/peta_kelurahan_per_bs.png used on inp
ut line 17.
(pdftex.def)             Requested size: 284.52756pt x 163.39467pt.
pdfTeX warning (ext4): destination with the same identifier (name{page.1}) has 
been already used, duplicate ignored
<to be read again> 
                   \relax 
l.29 
      [1



 <./Resources/Images/peta_kelurahan_per_bs.png>]

LaTeX Warning: No positions in optional float specifier.
               Default added (so using `!h') on input line 37.

<Resources/Images/mdvrp-illustration.png, id=1096, 629.35126pt x 403.5075pt>
File: Resources/Images/mdvrp-illustration.png Graphic file (type png)

<use Resources/Images/mdvrp-illustration.png>
Package pdftex.def Info: Resources/Images/mdvrp-illustration.png used on input 
line 39.
(pdftex.def)             Requested size: 341.43306pt x 218.90671pt.
 [2 <./Resources/Images/mdvrp-illustration.png>]
Underfull \hbox (badness 1796) in paragraph at lines 48--49
[]\OT1/ptm/m/n/12 Setiap kon-sumen hanya da-pat dikun-jungi sekali dan hanya ol
eh satu
 []


Underfull \hbox (badness 3907) in paragraph at lines 59--60
[]\OT1/ptm/m/n/12 Selanjutnya, sete-lah se-mua wilayah kerja dikun-jungi, terny
-ata lama
 []


LaTeX Warning: No positions in optional float specifier.
               Default added (so using `!h') on input line 63.


<Resources/Images/illustration-timeline-mdvrp-timeservice-estimation.png, id=11
09, 655.44875pt x 243.91125pt>
File: Resources/Images/illustration-timeline-mdvrp-timeservice-estimation.png G
raphic file (type png)

<use Resources/Images/illustration-timeline-mdvrp-timeservice-estimation.png>
Package pdftex.def Info: Resources/Images/illustration-timeline-mdvrp-timeservi
ce-estimation.png used on input line 67.
(pdftex.def)             Requested size: 355.65944pt x 132.35025pt.

<Resources/Images/illustration-timeline-mdvrp-timeservice-real.png, id=1110, 75
9.83875pt x 243.91125pt>
File: Resources/Images/illustration-timeline-mdvrp-timeservice-real.png Graphic
 file (type png)

<use Resources/Images/illustration-timeline-mdvrp-timeservice-real.png>
Package pdftex.def Info: Resources/Images/illustration-timeline-mdvrp-timeservi
ce-real.png used on input line 74.
(pdftex.def)             Requested size: 398.3386pt x 127.86923pt.


LaTeX Warning: `!h' float specifier changed to `!ht'.

[3]

LaTeX Warning: No positions in optional float specifier.
               Default added (so using `!h') on input line 86.


<Resources/Images/illustration-timeline-mdvrp-gradual-solution.png, id=1123, 81
6.04875pt x 152.57pt>
File: Resources/Images/illustration-timeline-mdvrp-gradual-solution.png Graphic
 file (type png)

<use Resources/Images/illustration-timeline-mdvrp-gradual-solution.png>
Package pdftex.def Info: Resources/Images/illustration-timeline-mdvrp-gradual-s
olution.png used on input line 88.
(pdftex.def)             Requested size: 398.3386pt x 74.4736pt.
Missing character: There is no Ã in font ptmr7t!
Missing character: There is no ¼ in font ptmr7t!

[4 <./Resources/Images/illustration-timeline-mdvrp-timeservice-estimation.png> 
<./Resources/Images/illustration-timeline-mdvrp-timeservice-real.png> <./Resour
ces/Images/illustration-timeline-mdvrp-gradual-solution.png>]
LaTeX Font Info:    Font shape `OMS/ptm/m/n' in size <12> not available
(Font)              Font shape `OMS/pzccm/m/n' tried instead on input line 109.


Underfull \hbox (badness 1028) in paragraph at lines 111--112
[]\OT1/ptm/m/n/12 Bagaimana menyusun mekanisme \OT1/ptm/m/it/12 con-flict res-o
-lu-tion\OT1/ptm/m/n/12 , agar sis-tem tidak
 []


Underfull \hbox (badness 2443) in paragraph at lines 125--126
[]\OT1/ptm/m/n/12 Menyusun al-go-ritma rekomen-dasi lokasi se-hingga sis-tem me
m-berikan
 []

[5]
Underfull \hbox (badness 2205) in paragraph at lines 126--127
[]\OT1/ptm/m/n/12 Menyusun al-go-ritma \OT1/ptm/m/it/12 lo-ca-tion con-flict \O
T1/ptm/m/n/12 se-hingga tidak ter-jadi du-p-likasi
 []

[6]) [7]
\openout2 = `bab2.aux'.

 (./bab2.tex
BAB 2.

Package hyperref Warning: Token not allowed in a PDF string (PDFDocEncoding):
(hyperref)                removing `\uppercase' on input line 2.


LaTeX Warning: No positions in optional float specifier.
               Default added (so using `!h') on input line 12.

<Resources/Images/literature-map.png, id=1172, 783.92876pt x 415.5525pt>
File: Resources/Images/literature-map.png Graphic file (type png)

<use Resources/Images/literature-map.png>
Package pdftex.def Info: Resources/Images/literature-map.png used on input line
 14.
(pdftex.def)             Requested size: 398.3386pt x 211.15538pt.
 [8



 <./Resources/Images/literature-map.png>] [9]

LaTeX Warning: No positions in optional float specifier.
               Default added (so using `!h') on input line 67.

<Resources/Images/context-categories.png, id=1216, 518.93875pt x 498.86375pt>
File: Resources/Images/context-categories.png Graphic file (type png)

<use Resources/Images/context-categories.png>
Package pdftex.def Info: Resources/Images/context-categories.png used on input 
line 69.
(pdftex.def)             Requested size: 170.71652pt x 164.11554pt.


LaTeX Warning: `!h' float specifier changed to `!ht'.

[10] [11 <./Resources/Images/context-categories.png>] [12] [13] [14] [15]

LaTeX Warning: No positions in optional float specifier.
               Default added (so using `!h') on input line 201.

<Resources/Images/vrp-ilustration.png, id=1361, 503.8825pt x 403.5075pt>
File: Resources/Images/vrp-ilustration.png Graphic file (type png)

<use Resources/Images/vrp-ilustration.png>
Package pdftex.def Info: Resources/Images/vrp-ilustration.png used on input lin
e 203.
(pdftex.def)             Requested size: 256.0748pt x 205.06573pt.
 [16 <./Resources/Images/vrp-ilustration.png>]

LaTeX Warning: No positions in optional float specifier.
               Default added (so using `!h') on input line 212.

<Resources/Images/vrp-variants.png, id=1387, 532.99126pt x 585.18625pt>
File: Resources/Images/vrp-variants.png Graphic file (type png)

<use Resources/Images/vrp-variants.png>
Package pdftex.def Info: Resources/Images/vrp-variants.png used on input line 2
14.
(pdftex.def)             Requested size: 227.62204pt x 249.91077pt.


LaTeX Warning: No positions in optional float specifier.
               Default added (so using `!h') on input line 227.

File: Resources/Images/mdvrp-illustration.png Graphic file (type png)
<use Resources/Images/mdvrp-illustration.png>
Package pdftex.def Info: Resources/Images/mdvrp-illustration.png used on input 
line 229.
(pdftex.def)             Requested size: 312.9803pt x 200.66345pt.


LaTeX Warning: `!h' float specifier changed to `!ht'.

[17 <./Resources/Images/vrp-variants.png>] [18] [19] [20] [21]

LaTeX Warning: No positions in optional float specifier.
               Default added (so using `!htbp') on input line 375.

Package hyperref Info: bookmark level for unknown algorithm defaults to 0 on in
put line 376.
[22]

LaTeX Warning: No positions in optional float specifier.
               Default added (so using `!h') on input line 411.

<Resources/Images/coes_overview.png, id=1569, 523.9575pt x 511.9125pt>
File: Resources/Images/coes_overview.png Graphic file (type png)

<use Resources/Images/coes_overview.png>
Package pdftex.def Info: Resources/Images/coes_overview.png used on input line 
413.
(pdftex.def)             Requested size: 284.52756pt x 277.99086pt.


LaTeX Warning: `!h' float specifier changed to `!ht'.

Missing character: There is no Ã in font ptmr7t!
Missing character: There is no ¼ in font ptmr7t!
[23] [24 <./Resources/Images/coes_overview.png>]

LaTeX Warning: No positions in optional float specifier.
               Default added (so using `!h') on input line 444.

<Resources/Images/pub-sub-general.png, id=1598, 624.3325pt x 303.1325pt>
File: Resources/Images/pub-sub-general.png Graphic file (type png)

<use Resources/Images/pub-sub-general.png>
Package pdftex.def Info: Resources/Images/pub-sub-general.png used on input lin
e 446.
(pdftex.def)             Requested size: 312.9803pt x 151.96365pt.


LaTeX Warning: No positions in optional float specifier.
               Default added (so using `!h') on input line 464.

<Resources/Images/space-decoupling.png, id=1604, 523.9575pt x 222.8325pt>
File: Resources/Images/space-decoupling.png Graphic file (type png)

<use Resources/Images/space-decoupling.png>
Package pdftex.def Info: Resources/Images/space-decoupling.png used on input li
ne 468.
(pdftex.def)             Requested size: 256.0748pt x 108.90666pt.

<Resources/Images/time-decoupling.png, id=1605, 589.20125pt x 162.6075pt>
File: Resources/Images/time-decoupling.png Graphic file (type png)

<use Resources/Images/time-decoupling.png>
Package pdftex.def Info: Resources/Images/time-decoupling.png used on input lin
e 475.
(pdftex.def)             Requested size: 284.52756pt x 78.52461pt.

<Resources/Images/sync-decoupling.png, id=1606, 523.9575pt x 170.6375pt>
File: Resources/Images/sync-decoupling.png Graphic file (type png)

<use Resources/Images/sync-decoupling.png>
Package pdftex.def Info: Resources/Images/sync-decoupling.png used on input lin
e 482.
(pdftex.def)             Requested size: 256.0748pt x 83.39699pt.


LaTeX Warning: `!h' float specifier changed to `!ht'.

) [25 <./Resources/Images/pub-sub-general.png>] [26 <./Resources/Images/space-d
ecoupling.png> <./Resources/Images/time-decoupling.png> <./Resources/Images/syn
c-decoupling.png>]
\openout2 = `bab3.aux'.

 (./bab3.tex
BAB 3.

Package hyperref Warning: Token not allowed in a PDF string (PDFDocEncoding):
(hyperref)                removing `\uppercase' on input line 2.


<Resources/Images/design-science-research-methodology.png, id=1629, 102.3825pt 
x 463.7325pt>
File: Resources/Images/design-science-research-methodology.png Graphic file (ty
pe png)
 <use Resources/Images/design-science-research-methodology.png>
Package pdftex.def Info: Resources/Images/design-science-research-methodology.p
ng used on input line 12.
(pdftex.def)             Requested size: 56.9055pt x 257.75668pt.

[27



 <./Resources/Images/design-science-research-methodology.png>]) [28]
\openout2 = `bab4.aux'.


(./bab4.tex
BAB 4.

Package hyperref Warning: Token not allowed in a PDF string (PDFDocEncoding):
(hyperref)                removing `\uppercase' on input line 2.

[29



]

LaTeX Warning: No positions in optional float specifier.
               Default added (so using `!h') on input line 41.

[30]

LaTeX Warning: No positions in optional float specifier.
               Default added (so using `!h') on input line 74.

[31]

LaTeX Warning: No positions in optional float specifier.
               Default added (so using `!h') on input line 113.

Package hyperref Info: bookmark level for unknown listing defaults to 0 on inpu
t line 114.
\openout3 = `thesis.pyg'.


(./_minted-thesis/9D7293F1CB2C6C017F71DC18C9C9ADB12048E4B8FAEE610F4ACDAFDEFBC1B
252.pygtex)

LaTeX Warning: No positions in optional float specifier.
               Default added (so using `!h') on input line 124.


<Resources/Images/google_direction_api_response.png, id=1667, 685.56125pt x 334
.24875pt>
File: Resources/Images/google_direction_api_response.png Graphic file (type png
)
 <use Resources/Images/google_direction_api_response.png>
Package pdftex.def Info: Resources/Images/google_direction_api_response.png use
d on input line 126.
(pdftex.def)             Requested size: 398.3386pt x 194.21631pt.


LaTeX Warning: No positions in optional float specifier.
               Default added (so using `!h') on input line 132.

[32 <./Resources/Images/google_direction_api_response.png>]

LaTeX Warning: No positions in optional float specifier.
               Default added (so using `!h') on input line 171.

\openout3 = `thesis.pyg'.


(./_minted-thesis/30553332C37D7B952420E7BC6EFADE281E135294BC5DCAC02D3AE6775D585
5C8.pygtex
LaTeX Font Info:    Font shape `OT1/pcr/bx/n' in size <10> not available
(Font)              Font shape `OT1/pcr/b/n' tried instead on input line 4.
)

LaTeX Warning: No positions in optional float specifier.
               Default added (so using `!h') on input line 192.

\openout3 = `thesis.pyg'.


(./_minted-thesis/2A1B1F2024E2DE5F0940D1D4C2531ACC1E135294BC5DCAC02D3AE6775D585
5C8.pygtex
LaTeX Font Info:    Font shape `OT1/ptm/bx/n' in size <6> not available
(Font)              Font shape `OT1/ptm/b/n' tried instead on input line 2.
LaTeX Font Info:    Font shape `OT1/ptm/bx/n' in size <5> not available
(Font)              Font shape `OT1/ptm/b/n' tried instead on input line 2.
)

LaTeX Warning: `!h' float specifier changed to `!ht'.


LaTeX Warning: No positions in optional float specifier.
               Default added (so using `!h') on input line 221.

\openout3 = `thesis.pyg'.


(./_minted-thesis/304208BC6322E3B7BA9AA78A3F376CC61E135294BC5DCAC02D3AE6775D585
5C8.pygtex)

LaTeX Warning: `!h' float specifier changed to `!ht'.


LaTeX Warning: No positions in optional float specifier.
               Default added (so using `!h') on input line 243.

\openout3 = `thesis.pyg'.


(./_minted-thesis/449A9BE0A091D429E808054C341E74021E135294BC5DCAC02D3AE6775D585
5C8.pygtex)

LaTeX Warning: `!h' float specifier changed to `!ht'.

[33]

LaTeX Warning: Text page 34 contains only floats.

[34]

LaTeX Warning: No positions in optional float specifier.
               Default added (so using `!h') on input line 260.

\openout3 = `thesis.pyg'.


(./_minted-thesis/2B1F29FA1D555CB408C8CF59A47A3AF51E135294BC5DCAC02D3AE6775D585
5C8.pygtex)

LaTeX Warning: No positions in optional float specifier.
               Default added (so using `!h') on input line 277.

\openout3 = `thesis.pyg'.


(./_minted-thesis/6BAE970468DACC4CE1F7255A5BD69C1C1E135294BC5DCAC02D3AE6775D585
5C8.pygtex)

LaTeX Warning: No positions in optional float specifier.
               Default added (so using `!h') on input line 296.


<Resources/Images/analysis_mtsp_no_time_windows.png, id=1698, 1003.75pt x 602.2
5pt>
File: Resources/Images/analysis_mtsp_no_time_windows.png Graphic file (type png
)
 <use Resources/Images/analysis_mtsp_no_time_windows.png>
Package pdftex.def Info: Resources/Images/analysis_mtsp_no_time_windows.png use
d on input line 298.
(pdftex.def)             Requested size: 398.3386pt x 239.00267pt.


LaTeX Warning: `!h' float specifier changed to `!ht'.


LaTeX Warning: No positions in optional float specifier.
               Default added (so using `!h') on input line 304.

\openout3 = `thesis.pyg'.


(./_minted-thesis/32FBE5F372C59416F977838CD69C801CFF060E9085A31973938A3FD2F0C05
712.pygtex)

LaTeX Warning: `!h' float specifier changed to `!ht'.


LaTeX Warning: No positions in optional float specifier.
               Default added (so using `!h') on input line 327.


LaTeX Warning: `!h' float specifier changed to `!ht'.

[35] [36 <./Resources/Images/analysis_mtsp_no_time_windows.png>] [37]

LaTeX Warning: No positions in optional float specifier.
               Default added (so using `!h') on input line 367.


<Resources/Images/illustration-timeline-mdvrp.png, id=1714, 989.6975pt x 263.98
625pt>
File: Resources/Images/illustration-timeline-mdvrp.png Graphic file (type png)
 <use Resources/Images/illustration-timeline-mdvrp.png>
Package pdftex.def Info: Resources/Images/illustration-timeline-mdvrp.png used 
on input line 369.
(pdftex.def)             Requested size: 398.3386pt x 106.2492pt.
 [38 <./Resources/Images/illustration-timeline-mdvrp.png>] [39]
Missing character: There is no Ã in font ptmr7t!
Missing character: There is no ¼ in font ptmr7t!


LaTeX Warning: No positions in optional float specifier.
               Default added (so using `!h') on input line 399.


<Resources/Images/illustration-timeline-realtime-mdvrp.png, id=1741, 983.675pt 
x 304.13625pt>
File: Resources/Images/illustration-timeline-realtime-mdvrp.png Graphic file (t
ype png)
 <use Resources/Images/illustration-timeline-realtime-mdvrp.png>
Package pdftex.def Info: Resources/Images/illustration-timeline-realtime-mdvrp.
png used on input line 401.
(pdftex.def)             Requested size: 398.3386pt x 123.16057pt.

[40 <./Resources/Images/illustration-timeline-realtime-mdvrp.png>]

LaTeX Warning: No positions in optional float specifier.
               Default added (so using `!h') on input line 412.

<Resources/Images/system-overview.png, id=1751, 684.5575pt x 378.41376pt>
File: Resources/Images/system-overview.png Graphic file (type png)

<use Resources/Images/system-overview.png>
Package pdftex.def Info: Resources/Images/system-overview.png used on input lin
e 414.
(pdftex.def)             Requested size: 398.3386pt x 220.20189pt.
 [41 <./Resources/Images/system-overview.png>]

LaTeX Warning: No positions in optional float specifier.
               Default added (so using `!htbp') on input line 432.


LaTeX Warning: No positions in optional float specifier.
               Default added (so using `!h') on input line 458.

<Resources/Images/topic-watcher.png, id=1759, 290.08376pt x 594.22pt>
File: Resources/Images/topic-watcher.png Graphic file (type png)

<use Resources/Images/topic-watcher.png>
Package pdftex.def Info: Resources/Images/topic-watcher.png used on input line 
460.
(pdftex.def)             Requested size: 179.25244pt x 367.18854pt.


LaTeX Warning: `!h' float specifier changed to `!ht'.

[42] [43 <./Resources/Images/topic-watcher.png>]

LaTeX Warning: No positions in optional float specifier.
               Default added (so using `!h') on input line 482.


<Resources/Images/global-best-greedy-solution.png, id=1786, 539.01375pt x 243.9
1125pt>
File: Resources/Images/global-best-greedy-solution.png Graphic file (type png)
 <use Resources/Images/global-best-greedy-solution.png>
Package pdftex.def Info: Resources/Images/global-best-greedy-solution.png used 
on input line 484.
(pdftex.def)             Requested size: 341.43306pt x 154.50601pt.


LaTeX Warning: No positions in optional float specifier.
               Default added (so using `!htbp') on input line 490.

[44 <./Resources/Images/global-best-greedy-solution.png>]

LaTeX Warning: No positions in optional float specifier.
               Default added (so using `!h') on input line 518.


<Resources/Images/recommendation-publisher.png, id=1807, 375.4025pt x 1094.0875
pt>
File: Resources/Images/recommendation-publisher.png Graphic file (type png)
 <use Resources/Images/recommendation-publisher.png>
Package pdftex.def Info: Resources/Images/recommendation-publisher.png used on 
input line 520.
(pdftex.def)             Requested size: 227.62204pt x 663.40244pt.


LaTeX Warning: Float too large for page by 11.07211pt on input line 523.


LaTeX Warning: `!h' float specifier changed to `!ht'.


LaTeX Warning: No positions in optional float specifier.
               Default added (so using `!h') on input line 531.

<Resources/Images/timeline-illustration.png, id=1810, 701.62125pt x 513.92pt>
File: Resources/Images/timeline-illustration.png Graphic file (type png)

<use Resources/Images/timeline-illustration.png>
Package pdftex.def Info: Resources/Images/timeline-illustration.png used on inp
ut line 533.
(pdftex.def)             Requested size: 398.3386pt x 291.77686pt.


LaTeX Warning: `!h' float specifier changed to `!ht'.


Underfull \hbox (badness 2698) in paragraph at lines 542--543
[]\OT1/ptm/m/n/12 Pada []Sub-bab. 2.5.1[][] di-je-laskan bahwa karak-ter-is-tik
 \OT1/ptm/m/it/12 loose cou-pling \OT1/ptm/m/n/12 pada
 []

[45] [46]
Missing character: There is no Ã in font ptmr7t!
Missing character: There is no ¼ in font ptmr7t!


LaTeX Warning: No positions in optional float specifier.
               Default added (so using `!h') on input line 583.


<Resources/Images/pub_sub_distributed_ilustration.png, id=1847, 614.295pt x 368
.37625pt>
File: Resources/Images/pub_sub_distributed_ilustration.png Graphic file (type p
ng)
 <use Resources/Images/pub_sub_distributed_ilustration.png>
Package pdftex.def Info: Resources/Images/pub_sub_distributed_ilustration.png u
sed on input line 585.
(pdftex.def)             Requested size: 312.9803pt x 187.68951pt.


LaTeX Warning: `!h' float specifier changed to `!ht'.

) [47] [48 <./Resources/Images/recommendation-publisher.png>] [49 <./Resources/
Images/timeline-illustration.png> <./Resources/Images/pub_sub_distributed_ilust
ration.png>]
\openout2 = `bab5.aux'.

 (./bab5.tex
BAB 5.

Package hyperref Warning: Token not allowed in a PDF string (PDFDocEncoding):
(hyperref)                removing `\uppercase' on input line 2.

Missing character: There is no Â in font ptmr7t!
Missing character: There is no ® in font ptmr7t!
Missing character: There is no â in font ptmr7t!
Missing character: There is no  in font ptmr7t!
Missing character: There is no ¢ in font ptmr7t!
Missing character: There is no Â in font ptmr7t!
Missing character: There is no ® in font ptmr7t!
Missing character: There is no â in font ptmr7t!
Missing character: There is no  in font ptmr7t!
Missing character: There is no ¢ in font ptmr7t!
[50



]
Missing character: There is no Â in font ptmr7t!
Missing character: There is no ® in font ptmr7t!
Missing character: There is no â in font ptmr7t!
Missing character: There is no  in font ptmr7t!
Missing character: There is no ¢ in font ptmr7t!
 [51]
Underfull \hbox (badness 10000) in paragraph at lines 113--117

 []

[52]
Underfull \hbox (badness 2165) in paragraph at lines 134--135
\OT1/ptm/m/n/12 Sistem usu-lan yang meng-gu-nakan al-go-ritma MD-VRP berba-sis 
Co-EAs dan
 []


LaTeX Warning: No positions in optional float specifier.
               Default added (so using `!h') on input line 144.


<Resources/Images/result-mdvrp-illustration.png, id=1898, 649.42625pt x 444.661
25pt>
File: Resources/Images/result-mdvrp-illustration.png Graphic file (type png)
 <use Resources/Images/result-mdvrp-illustration.png>
Package pdftex.def Info: Resources/Images/result-mdvrp-illustration.png used on
 input line 146.
(pdftex.def)             Requested size: 256.0748pt x 175.33733pt.


LaTeX Warning: `!h' float specifier changed to `!ht'.

[53] [54 <./Resources/Images/result-mdvrp-illustration.png>]
Underfull \hbox (badness 1406) in paragraph at lines 183--184
[]\OT1/ptm/m/it/12 Shared mem-ory \OT1/ptm/m/n/12 yang ter-sim-pan akan di-gu-n
akan oleh pub-lisher dalam
 []


LaTeX Warning: No positions in optional float specifier.
               Default added (so using `!h') on input line 187.


<Resources/Images/component-interaction.png, id=1916, 645.41125pt x 213.79875pt
>
File: Resources/Images/component-interaction.png Graphic file (type png)
 <use Resources/Images/component-interaction.png>
Package pdftex.def Info: Resources/Images/component-interaction.png used on inp
ut line 189.
(pdftex.def)             Requested size: 398.3386pt x 131.95358pt.
 [55 <./Resources/Images/component-interaction.png>]

Package hyperref Warning: No autoref name for `listing' on input line 202.


LaTeX Warning: No positions in optional float specifier.
               Default added (so using `!h') on input line 205.

\openout3 = `thesis.pyg'.


(./_minted-thesis/952939ECB14F1E55830C05D690EA1F6C1E135294BC5DCAC02D3AE6775D585
5C8.pygtex)

Package hyperref Warning: No autoref name for `listing' on input line 218.


Package hyperref Warning: No autoref name for `listing' on input line 218.


LaTeX Warning: No positions in optional float specifier.
               Default added (so using `!h') on input line 222.

\openout3 = `thesis.pyg'.


(./_minted-thesis/4DD86D1FAB6C47A45569799BDD15651B1E135294BC5DCAC02D3AE6775D585
5C8.pygtex)

LaTeX Warning: No positions in optional float specifier.
               Default added (so using `!h') on input line 231.

\openout3 = `thesis.pyg'.


(./_minted-thesis/68F0A5ABEB8F37FD173008A36127E9CD1E135294BC5DCAC02D3AE6775D585
5C8.pygtex)

LaTeX Warning: `!h' float specifier changed to `!ht'.


Package hyperref Warning: No autoref name for `listing' on input line 291.


LaTeX Warning: No positions in optional float specifier.
               Default added (so using `!h') on input line 294.

\openout3 = `thesis.pyg'.


(./_minted-thesis/978A15916D964E3D70981304FB6820B601AD52951C6BCE1C42AB8E5709FE2
5FA.pygtex)

LaTeX Warning: `!h' float specifier changed to `!ht'.

[56] [57]

LaTeX Warning: No positions in optional float specifier.
               Default added (so using `!h') on input line 334.


<Resources/Images/test-flowchart-normal-global-broker.png, id=1955, 196.735pt x
 754.82pt>
File: Resources/Images/test-flowchart-normal-global-broker.png Graphic file (ty
pe png)
 <use Resources/Images/test-flowchart-normal-global-broker.png>
Package pdftex.def Info: Resources/Images/test-flowchart-normal-global-broker.p
ng used on input line 338.
(pdftex.def)             Requested size: 119.50279pt x 458.49306pt.

Underfull \hbox (badness 10000) in paragraph at lines 339--339
[]\OT1/ptm/b/n/10.95 (a) |\OT1/ptm/m/it/10.95 Flowchart Mes-sage
 []


<Resources/Images/test-flowchart-normal-global-publisher.png, id=1956, 261.9787
4pt x 774.895pt>
File: Resources/Images/test-flowchart-normal-global-publisher.png Graphic file 
(type png)

<use Resources/Images/test-flowchart-normal-global-publisher.png>
Package pdftex.def Info: Resources/Images/test-flowchart-normal-global-publishe
r.png used on input line 345.
(pdftex.def)             Requested size: 155.3518pt x 459.51341pt.

<Resources/Images/test-flowchart-normal-global-subscriber.png, id=1957, 216.81p
t x 895.345pt>
File: Resources/Images/test-flowchart-normal-global-subscriber.png Graphic file
 (type png)

<use Resources/Images/test-flowchart-normal-global-subscriber.png>
Package pdftex.def Info: Resources/Images/test-flowchart-normal-global-subscrib
er.png used on input line 352.
(pdftex.def)             Requested size: 123.48398pt x 509.94211pt.

Overfull \hbox (9.1201pt too wide) in paragraph at lines 336--356
 [][]  []  [] 
 []


LaTeX Warning: `!h' float specifier changed to `!ht'.

[58] [59 <./Resources/Images/test-flowchart-normal-global-broker.png> <./Resour
ces/Images/test-flowchart-normal-global-publisher.png> <./Resources/Images/test
-flowchart-normal-global-subscriber.png>]

LaTeX Warning: Hyper reference `ch:test_result_cordeau_notw' on page 60 undefin
ed on input line 383.

[60] [61] [62] [63]

LaTeX Warning: No positions in optional float specifier.
               Default added (so using `!h') on input line 634.


<Resources/Images/test_result_10_cordeau_total_time.png, id=2016, 1108.14pt x 5
98.235pt>
File: Resources/Images/test_result_10_cordeau_total_time.png Graphic file (type
 png)
 <use Resources/Images/test_result_10_cordeau_total_time.png>
Package pdftex.def Info: Resources/Images/test_result_10_cordeau_total_time.png
 used on input line 636.
(pdftex.def)             Requested size: 398.3386pt x 215.04494pt.
 [64 <./Resources/Images/test_result_10_cordeau_total_time.png>] [65] [66] [67]


LaTeX Warning: No positions in optional float specifier.
               Default added (so using `!h') on input line 878.


<Resources/Images/test_result_10_cordeau_standard_deviation.png, id=2034, 1111.
15125pt x 598.235pt>
File: Resources/Images/test_result_10_cordeau_standard_deviation.png Graphic fi
le (type png)

<use Resources/Images/test_result_10_cordeau_standard_deviation.png>
Package pdftex.def Info: Resources/Images/test_result_10_cordeau_standard_devia
tion.png used on input line 880.
(pdftex.def)             Requested size: 398.3386pt x 214.46072pt.
 [68 <./Resources/Images/test_result_10_cordeau_standard_deviation.png>] [69]

LaTeX Warning: Hyper reference `ch:test_result_cordeau_tw' on page 70 undefined
 on input line 925.

[70] [71] [72] [73]

LaTeX Warning: No positions in optional float specifier.
               Default added (so using `!h') on input line 1167.


<Resources/Images/test_result_10_cordeau_tw_total_time.png, id=2091, 1108.14pt 
x 598.235pt>
File: Resources/Images/test_result_10_cordeau_tw_total_time.png Graphic file (t
ype png)
 <use Resources/Images/test_result_10_cordeau_tw_total_time.png>
Package pdftex.def Info: Resources/Images/test_result_10_cordeau_tw_total_time.
png used on input line 1169.
(pdftex.def)             Requested size: 398.3386pt x 215.04494pt.

[74 <./Resources/Images/test_result_10_cordeau_tw_total_time.png>] [75]
[76] [77]

LaTeX Warning: No positions in optional float specifier.
               Default added (so using `!h') on input line 1411.


<Resources/Images/test_result_10_cordeau_tw_standard_deviation.png, id=2110, 11
08.14pt x 598.235pt>
File: Resources/Images/test_result_10_cordeau_tw_standard_deviation.png Graphic
 file (type png)

<use Resources/Images/test_result_10_cordeau_tw_standard_deviation.png>
Package pdftex.def Info: Resources/Images/test_result_10_cordeau_tw_standard_de
viation.png used on input line 1413.
(pdftex.def)             Requested size: 398.3386pt x 215.04494pt.


LaTeX Warning: Hyper reference `ch:test_result_real_tw' on page 78 undefined on
 input line 1419.

[78 <./Resources/Images/test_result_10_cordeau_tw_standard_deviation.png>]
[79]

LaTeX Warning: No positions in optional float specifier.
               Default added (so using `!h') on input line 1529.


<Resources/Images/test_result_4_real_tw_total_time.png, id=2125, 1107.13625pt x
 597.23125pt>
File: Resources/Images/test_result_4_real_tw_total_time.png Graphic file (type 
png)
 <use Resources/Images/test_result_4_real_tw_total_time.png>
Package pdftex.def Info: Resources/Images/test_result_4_real_tw_total_time.png 
used on input line 1531.
(pdftex.def)             Requested size: 398.3386pt x 214.8755pt.

[80 <./Resources/Images/test_result_4_real_tw_total_time.png>] [81]

LaTeX Warning: No positions in optional float specifier.
               Default added (so using `!h') on input line 1641.


<Resources/Images/test_result_4_real_tw_standard_deviation.png, id=2137, 1107.1
3625pt x 597.23125pt>
File: Resources/Images/test_result_4_real_tw_standard_deviation.png Graphic fil
e (type png)

<use Resources/Images/test_result_4_real_tw_standard_deviation.png>
Package pdftex.def Info: Resources/Images/test_result_4_real_tw_standard_deviat
ion.png used on input line 1643.
(pdftex.def)             Requested size: 398.3386pt x 214.8755pt.
 [82 <./Resources/Images/test_result_4_real_tw_standard_deviation.png>]
Underfull \hbox (badness 1910) in paragraph at lines 1662--1664
[]\OT1/ptm/m/n/12 Pengujian de-ngan kode \OT1/ptm/m/it/12 in-stance \OT1/ptm/m/
n/12 d02 menggam-barkan kon-disi di-mana
 []


Underfull \hbox (badness 1910) in paragraph at lines 1668--1670
[]\OT1/ptm/m/n/12 Pengujian de-ngan kode \OT1/ptm/m/it/12 in-stance \OT1/ptm/m/
n/12 d03 menggam-barkan kon-disi di-mana
 []


Underfull \hbox (badness 1910) in paragraph at lines 1674--1676
[]\OT1/ptm/m/n/12 Pengujian de-ngan kode \OT1/ptm/m/it/12 in-stance \OT1/ptm/m/
n/12 d04 menggam-barkan kon-disi di-mana
 []

[83]
Underfull \hbox (badness 1910) in paragraph at lines 1680--1682
[]\OT1/ptm/m/n/12 Pengujian de-ngan kode \OT1/ptm/m/it/12 in-stance \OT1/ptm/m/
n/12 d05 menggam-barkan kon-disi di-mana
 []

[84]

LaTeX Warning: Hyper reference `ch:test_result_delay' on page 85 undefined on i
nput line 1702.

[85] [86]

LaTeX Warning: No positions in optional float specifier.
               Default added (so using `!h') on input line 1875.


<Resources/Images/test_result_delay_total_time.png, id=2168, 1109.14375pt x 597
.23125pt>
File: Resources/Images/test_result_delay_total_time.png Graphic file (type png)

 <use Resources/Images/test_result_delay_total_time.png>
Package pdftex.def Info: Resources/Images/test_result_delay_total_time.png used
 on input line 1877.
(pdftex.def)             Requested size: 398.3386pt x 214.49275pt.


LaTeX Warning: `!h' float specifier changed to `!ht'.

[87] [88] [89 <./Resources/Images/test_result_delay_total_time.png>]

LaTeX Warning: No positions in optional float specifier.
               Default added (so using `!h') on input line 2053.


<Resources/Images/test_result_delay_standard_deviation.png, id=2183, 1109.14375
pt x 597.23125pt>
File: Resources/Images/test_result_delay_standard_deviation.png Graphic file (t
ype png)

<use Resources/Images/test_result_delay_standard_deviation.png>
Package pdftex.def Info: Resources/Images/test_result_delay_standard_deviation.
png used on input line 2055.
(pdftex.def)             Requested size: 398.3386pt x 214.49275pt.
) [90 <./Resources/Images/test_result_delay_standard_deviation.png>]
\openout2 = `kesimpulan.aux'.

 (./kesimpulan.tex
BAB 6.

Package hyperref Warning: Token not allowed in a PDF string (PDFDocEncoding):
(hyperref)                removing `\uppercase' on input line 2.

[91



]) [92]
\openout2 = `pustaka.aux'.

 (./pustaka.tex (./thesis.bbl
Missing character: There is no â in font ptmr7t!
Missing character: There is no  in font ptmr7t!
Missing character: There is no  in font ptmr7t!
 [93



]
Missing character: There is no Â in font ptmri7t!
Missing character: There is no ¨ in font ptmri7t!
Missing character: There is no â in font ptmri7t!
Missing character: There is no  in font ptmri7t!
Missing character: There is no  in font ptmri7t!
 [94]
Missing character: There is no Ã in font ptmr7t!
Missing character: There is no £ in font ptmr7t!
 [95]
Missing character: There is no Ã in font ptmr7t!
Missing character: There is no © in font ptmr7t!
Missing character: There is no Ã in font ptmr7t!
Missing character: There is no © in font ptmr7t!
 [96]
Missing character: There is no Ã in font ptmr7t!
Missing character: There is no ¼ in font ptmr7t!
Missing character: There is no â in font ptmr7t!
Missing character: There is no  in font ptmr7t!
Missing character: There is no ¢ in font ptmr7t!
Missing character: There is no â in font ptmr7t!
Missing character: There is no  in font ptmr7t!
Missing character: There is no  in font ptmr7t!
 [97]
Missing character: There is no Ã in font ptmr7t!
Missing character: There is no ¤ in font ptmr7t!
Missing character: There is no â in font ptmri7t!
Missing character: There is no  in font ptmri7t!
Missing character: There is no  in font ptmri7t!
 [98]
Missing character: There is no â in font ptmr7t!
Missing character: There is no  in font ptmr7t!
Missing character: There is no  in font ptmr7t!
 [99]))
[100]
\openout2 = `markLampiran.aux'.

 (./markLampiran.texpdfTeX warning (ext4): destination with the same identifier
 (name{page.1}) has been already used, duplicate ignored
<to be read again> 
                   \relax 
l.13 \end{titlepage}
                     [1


])
runsystem(rm "thesis.pyg")...executed.

Package atveryend Info: Empty hook `BeforeClearDocument' on input line 125.
Package atveryend Info: Empty hook `AfterLastShipout' on input line 125.
 (./thesis.aux (./sampul.aux) (./judul_dalam.aux)
(./pengesahan.aux) (./orisinal.aux) (./pengesahan_sidang.aux) (./pengantar.aux)
(./persetujuan_publikasi.aux) (./abstrak.aux) (./abstract.aux) (./bab1.aux)
(./bab2.aux) (./bab3.aux) (./bab4.aux) (./bab5.aux) (./kesimpulan.aux)
(./pustaka.aux) (./markLampiran.aux))
Package atveryend Info: Executing hook `AtVeryEndDocument' on input line 125.
Package atveryend Info: Executing hook `AtEndAfterFileList' on input line 125.
Package rerunfilecheck Info: File `thesis.out' has not changed.
(rerunfilecheck)             Checksum: 5459D7878000A6A703AFFE1428F12B39;5898.


LaTeX Warning: There were undefined references.

Package atveryend Info: Empty hook `AtVeryVeryEnd' on input line 125.
 ) 
Here is how much of TeX's memory you used:
 23869 strings out of 493029
 437455 string characters out of 6136234
 586786 words of memory out of 5000000
 26083 multiletter control sequences out of 15000+600000
 55066 words of font info for 105 fonts, out of 8000000 for 9000
 1210 hyphenation exceptions out of 8191
 61i,15n,75p,2035b,876s stack positions out of 5000i,500n,10000p,200000b,80000s
{/usr/share/texlive/texmf-dist/fonts/enc/dvips/base/8r.enc}</usr/share/texliv
e/texmf-dist/fonts/type1/public/amsfonts/cm/cmex10.pfb></usr/share/texlive/texm
f-dist/fonts/type1/public/amsfonts/cm/cmmi10.pfb></usr/share/texlive/texmf-dist
/fonts/type1/public/amsfonts/cm/cmr10.pfb></usr/share/texlive/texmf-dist/fonts/
type1/public/amsfonts/cm/cmsy10.pfb></usr/share/texlive/texmf-dist/fonts/type1/
urw/courier/ucrb8a.pfb></usr/share/texlive/texmf-dist/fonts/type1/urw/courier/u
crr8a.pfb></usr/share/texlive/texmf-dist/fonts/type1/urw/symbol/usyr.pfb></usr/
share/texlive/texmf-dist/fonts/type1/urw/times/utmb8a.pfb></usr/share/texlive/t
exmf-dist/fonts/type1/urw/times/utmbi8a.pfb></usr/share/texlive/texmf-dist/font
s/type1/urw/times/utmr8a.pfb></usr/share/texlive/texmf-dist/fonts/type1/urw/tim
es/utmri8a.pfb>
Output written on thesis.pdf (123 pages, 2334493 bytes).
PDF statistics:
 2409 PDF objects out of 2487 (max. 8388607)
 2164 compressed objects within 22 object streams
 603 named destinations out of 1000 (max. 500000)
 874 words of extra memory for PDF output out of 10000 (max. 10000000)

